{"level":"info","message":"Posts obtidos com sucesso"}
{"level":"info","message":"Posts obtidos com sucesso"}
{"level":"info","message":"Posts obtidos com sucesso"}
{"level":"info","message":"Posts obtidos com sucesso"}
{"level":"info","message":"Posts obtidos com sucesso"}
{"level":"info","message":"Posts obtidos com sucesso"}
{"level":"info","message":"Posts obtidos com sucesso"}
{"level":"info","message":"Posts obtidos com sucesso"}
{"level":"info","message":"Posts obtidos com sucesso"}
{"level":"info","message":"Posts obtidos com sucesso"}
{"level":"info","message":"Posts obtidos com sucesso"}
{"level":"info","message":"Posts obtidos com sucesso"}
{"level":"info","message":"Posts obtidos com sucesso"}
{"level":"info","message":"Posts obtidos com sucesso"}
{"level":"info","message":"Posts obtidos com sucesso"}
{"level":"info","message":"Posts obtidos com sucesso"}
{"level":"info","message":"Posts obtidos com sucesso"}
{"level":"info","message":"Posts obtidos com sucesso"}
{"level":"info","message":"Posts obtidos com sucesso"}
{"level":"info","message":"Posts obtidos com sucesso"}
{"level":"info","message":"Posts obtidos com sucesso"}
{"level":"info","message":"Posts obtidos com sucesso"}
{"level":"info","message":"Post undefined obtido com sucesso"}
{"level":"info","message":"Post undefined obtido com sucesso"}
{"level":"info","message":"Post undefined obtido com sucesso"}
{"level":"info","message":"Post undefined obtido com sucesso"}
{"level":"info","message":"Post undefined obtido com sucesso"}
{"level":"info","message":"Post undefined obtido com sucesso"}
{"level":"info","message":"Post vuejs-para-iniciantes obtido com sucesso"}
{"level":"info","message":"Post vuejs-para-iniciantes obtido com sucesso"}
{"level":"info","message":"Post undefined obtido com sucesso"}
{"level":"info","message":"Post undefined obtido com sucesso"}
{"level":"info","message":"Post vuejs-para-iniciantes obtido com sucesso"}
{"level":"info","message":"Post vuejs-para-iniciantes obtido com sucesso"}
{"level":"info","message":"Post vuejs-para-iniciantes obtido com sucesso"}
{"level":"info","message":"Post vuejs-para-iniciantes obtido com sucesso"}
{"level":"info","message":"Post vuejs-para-iniciantes obtido com sucesso"}
{"level":"info","message":"Post vuejs-para-iniciantes obtido com sucesso"}
{"level":"info","message":"Post vuejs-para-iniciantes obtido com sucesso"}
{"level":"info","message":"Post vuejs-para-iniciantes obtido com sucesso"}
{"level":"info","message":"Post vuejs-para-iniciantes obtido com sucesso"}
{"level":"info","message":"Post vuejs-para-iniciantes obtido com sucesso"}
{"level":"info","message":"Post vuejs-para-iniciantes obtido com sucesso"}
{"level":"info","message":"Post vuejs-para-iniciantes obtido com sucesso"}
{"level":"info","message":"Post vuejs-para-iniciantes obtido com sucesso"}
{"level":"info","message":"Post vuejs-para-iniciantes obtido com sucesso"}
{"level":"info","message":"Post vuejs-para-iniciantes obtido com sucesso"}
{"level":"info","message":"Post vuejs-para-iniciantes obtido com sucesso"}
{"level":"info","message":"Post vuejs-para-iniciantes obtido com sucesso"}
{"level":"info","message":"Post vuejs-para-iniciantes obtido com sucesso"}
{"level":"info","message":"Post vuejs-para-iniciantes obtido com sucesso"}
{"level":"info","message":"Post vuejs-para-iniciantes obtido com sucesso"}
{"level":"info","message":"Post vuejs-para-iniciantes obtido com sucesso"}
{"level":"info","message":"Post vuejs-para-iniciantes obtido com sucesso"}
{"level":"info","message":"Post vuejs-para-iniciantes obtido com sucesso"}
{"level":"info","message":"Posts obtidos com sucesso"}
{"level":"info","message":"Posts obtidos com sucesso"}
{"level":"info","message":"Posts obtidos com sucesso"}
{"level":"info","message":"Post vuejs-para-iniciantes obtido com sucesso"}
{"level":"info","message":"Post vuejs-para-iniciantes obtido com sucesso"}
{"level":"info","message":"Posts obtidos com sucesso"}
{"level":"info","message":"Posts obtidos com sucesso"}
{"level":"info","message":"Posts obtidos com sucesso"}
{"level":"info","message":"Posts obtidos com sucesso"}
{"level":"info","message":"Posts obtidos com sucesso"}
{"level":"info","message":"Posts obtidos com sucesso"}
{"level":"info","message":"Posts obtidos com sucesso"}
{"error":{},"level":"error","message":"Falha ao obter post com o slug: ","slug":"vuejs-para-iniciantesdwa"}
{"error":{},"level":"error","message":"Falha ao obter post com o slug: ","slug":"introducao-ao-reacts"}
{"error":{},"level":"error","message":"Falha ao obter post com o slug: ","slug":"introducao-ao-reacta"}
{"error":{"clientVersion":"5.14.0","name":"PrismaClientValidationError"},"level":"error","message":"Falha ao obter posts"}
{"error":{"clientVersion":"5.14.0","name":"PrismaClientValidationError"},"level":"error","message":"Falha ao obter posts"}
